{"/home/sandovaldavid/workspaces/me/portfolio-v1/src/shared/config/i18n/index.ts": {"path":"/home/sandovaldavid/workspaces/me/portfolio-v1/src/shared/config/i18n/index.ts","all":false,"statementMap":{"0":{"start":{"line":1,"column":0},"end":{"line":1,"column":31}},"1":{"start":{"line":2,"column":0},"end":{"line":2,"column":28}}},"s":{"0":1,"1":1},"branchMap":{},"b":{},"fnMap":{},"f":{}}
,"/home/sandovaldavid/workspaces/me/portfolio-v1/src/shared/config/i18n/languages.ts": {"path":"/home/sandovaldavid/workspaces/me/portfolio-v1/src/shared/config/i18n/languages.ts","all":false,"statementMap":{"4":{"start":{"line":5,"column":0},"end":{"line":5,"column":22}},"5":{"start":{"line":6,"column":0},"end":{"line":6,"column":16}},"6":{"start":{"line":7,"column":0},"end":{"line":7,"column":16}},"12":{"start":{"line":13,"column":0},"end":{"line":13,"column":32}},"13":{"start":{"line":14,"column":0},"end":{"line":14,"column":31}},"14":{"start":{"line":15,"column":0},"end":{"line":15,"column":31}},"15":{"start":{"line":16,"column":0},"end":{"line":16,"column":11}},"20":{"start":{"line":21,"column":0},"end":{"line":21,"column":31}},"21":{"start":{"line":22,"column":0},"end":{"line":22,"column":26}},"22":{"start":{"line":23,"column":0},"end":{"line":23,"column":26}},"23":{"start":{"line":24,"column":0},"end":{"line":24,"column":11}},"28":{"start":{"line":29,"column":0},"end":{"line":29,"column":49}},"33":{"start":{"line":34,"column":0},"end":{"line":34,"column":59}}},"s":{"4":1,"5":1,"6":1,"12":1,"13":1,"14":1,"15":1,"20":1,"21":1,"22":1,"23":1,"28":1,"33":1},"branchMap":{"0":{"type":"branch","line":5,"loc":{"start":{"line":5,"column":7},"end":{"line":5,"column":22}},"locations":[{"start":{"line":5,"column":7},"end":{"line":5,"column":22}}]}},"b":{"0":[5]},"fnMap":{},"f":{}}
,"/home/sandovaldavid/workspaces/me/portfolio-v1/src/shared/config/i18n/dictionaries/index.ts": {"path":"/home/sandovaldavid/workspaces/me/portfolio-v1/src/shared/config/i18n/dictionaries/index.ts","all":false,"statementMap":{"0":{"start":{"line":1,"column":0},"end":{"line":1,"column":40}},"4":{"start":{"line":5,"column":0},"end":{"line":5,"column":100}},"5":{"start":{"line":6,"column":0},"end":{"line":6,"column":35}},"6":{"start":{"line":7,"column":0},"end":{"line":7,"column":24}},"7":{"start":{"line":8,"column":0},"end":{"line":8,"column":53}},"8":{"start":{"line":9,"column":0},"end":{"line":9,"column":28}},"9":{"start":{"line":10,"column":0},"end":{"line":10,"column":35}},"10":{"start":{"line":11,"column":0},"end":{"line":11,"column":56}},"11":{"start":{"line":12,"column":0},"end":{"line":12,"column":77}},"12":{"start":{"line":13,"column":0},"end":{"line":13,"column":11}},"13":{"start":{"line":14,"column":0},"end":{"line":14,"column":33}},"14":{"start":{"line":15,"column":0},"end":{"line":15,"column":4}},"15":{"start":{"line":16,"column":0},"end":{"line":16,"column":14}},"16":{"start":{"line":17,"column":0},"end":{"line":17,"column":4}},"17":{"start":{"line":18,"column":0},"end":{"line":18,"column":41}},"18":{"start":{"line":19,"column":0},"end":{"line":19,"column":3}},"19":{"start":{"line":20,"column":0},"end":{"line":20,"column":1}},"21":{"start":{"line":22,"column":0},"end":{"line":22,"column":29}},"22":{"start":{"line":23,"column":0},"end":{"line":23,"column":40}},"23":{"start":{"line":24,"column":0},"end":{"line":24,"column":40}},"24":{"start":{"line":25,"column":0},"end":{"line":25,"column":11}}},"s":{"0":1,"4":370,"5":370,"6":370,"7":1920,"8":1920,"9":100,"10":1920,"11":360,"12":1820,"13":1460,"14":1460,"15":1920,"16":1920,"17":370,"18":370,"19":370,"21":1,"22":1,"23":1,"24":1},"branchMap":{"0":{"type":"branch","line":5,"loc":{"start":{"line":5,"column":0},"end":{"line":20,"column":1}},"locations":[{"start":{"line":5,"column":0},"end":{"line":20,"column":1}}]},"1":{"type":"branch","line":7,"loc":{"start":{"line":7,"column":2},"end":{"line":17,"column":4}},"locations":[{"start":{"line":7,"column":2},"end":{"line":17,"column":4}}]},"2":{"type":"branch","line":8,"loc":{"start":{"line":8,"column":19},"end":{"line":8,"column":49}},"locations":[{"start":{"line":8,"column":19},"end":{"line":8,"column":49}}]},"3":{"type":"branch","line":8,"loc":{"start":{"line":8,"column":44},"end":{"line":8,"column":53}},"locations":[{"start":{"line":8,"column":44},"end":{"line":8,"column":53}}]},"4":{"type":"branch","line":9,"loc":{"start":{"line":9,"column":27},"end":{"line":11,"column":14}},"locations":[{"start":{"line":9,"column":27},"end":{"line":11,"column":14}}]},"5":{"type":"branch","line":11,"loc":{"start":{"line":11,"column":3},"end":{"line":15,"column":4}},"locations":[{"start":{"line":11,"column":3},"end":{"line":15,"column":4}}]},"6":{"type":"branch","line":11,"loc":{"start":{"line":11,"column":29},"end":{"line":11,"column":55}},"locations":[{"start":{"line":11,"column":29},"end":{"line":11,"column":55}}]},"7":{"type":"branch","line":11,"loc":{"start":{"line":11,"column":55},"end":{"line":13,"column":10}},"locations":[{"start":{"line":11,"column":55},"end":{"line":13,"column":10}}]},"8":{"type":"branch","line":13,"loc":{"start":{"line":13,"column":3},"end":{"line":15,"column":4}},"locations":[{"start":{"line":13,"column":3},"end":{"line":15,"column":4}}]}},"b":{"0":[370],"1":[1920],"2":[1780],"3":[140],"4":[100],"5":[1820],"6":[360],"7":[360],"8":[1460]},"fnMap":{"0":{"name":"flattenJSON","decl":{"start":{"line":5,"column":0},"end":{"line":20,"column":1}},"loc":{"start":{"line":5,"column":0},"end":{"line":20,"column":1}},"line":5}},"f":{"0":370}}
,"/home/sandovaldavid/workspaces/me/portfolio-v1/src/shared/lib/i18n/index.ts": {"path":"/home/sandovaldavid/workspaces/me/portfolio-v1/src/shared/lib/i18n/index.ts","all":false,"statementMap":{"0":{"start":{"line":1,"column":0},"end":{"line":1,"column":32}},"1":{"start":{"line":2,"column":0},"end":{"line":2,"column":31}},"2":{"start":{"line":3,"column":0},"end":{"line":3,"column":27}},"3":{"start":{"line":4,"column":0},"end":{"line":4,"column":33}}},"s":{"0":1,"1":1,"2":1,"3":1},"branchMap":{},"b":{},"fnMap":{},"f":{}}
,"/home/sandovaldavid/workspaces/me/portfolio-v1/src/shared/lib/i18n/interpolation.ts": {"path":"/home/sandovaldavid/workspaces/me/portfolio-v1/src/shared/lib/i18n/interpolation.ts","all":false,"statementMap":{"10":{"start":{"line":11,"column":0},"end":{"line":11,"column":94}},"11":{"start":{"line":12,"column":0},"end":{"line":12,"column":36}},"12":{"start":{"line":13,"column":0},"end":{"line":13,"column":72}},"13":{"start":{"line":14,"column":0},"end":{"line":14,"column":10}},"14":{"start":{"line":15,"column":0},"end":{"line":15,"column":3}},"15":{"start":{"line":16,"column":0},"end":{"line":16,"column":1}}},"s":{"10":1,"11":10,"12":10,"13":10,"14":10,"15":10},"branchMap":{"0":{"type":"branch","line":11,"loc":{"start":{"line":11,"column":7},"end":{"line":16,"column":1}},"locations":[{"start":{"line":11,"column":7},"end":{"line":16,"column":1}}]},"1":{"type":"branch","line":13,"loc":{"start":{"line":13,"column":2},"end":{"line":13,"column":72}},"locations":[{"start":{"line":13,"column":2},"end":{"line":13,"column":72}}]}},"b":{"0":[10],"1":[10]},"fnMap":{"0":{"name":"interpolate","decl":{"start":{"line":11,"column":7},"end":{"line":16,"column":1}},"loc":{"start":{"line":11,"column":7},"end":{"line":16,"column":1}},"line":11}},"f":{"0":10}}
,"/home/sandovaldavid/workspaces/me/portfolio-v1/src/shared/lib/i18n/localized-path.ts": {"path":"/home/sandovaldavid/workspaces/me/portfolio-v1/src/shared/lib/i18n/localized-path.ts","all":false,"statementMap":{"0":{"start":{"line":1,"column":0},"end":{"line":1,"column":65}},"15":{"start":{"line":16,"column":0},"end":{"line":16,"column":72}},"17":{"start":{"line":18,"column":0},"end":{"line":18,"column":33}},"18":{"start":{"line":19,"column":0},"end":{"line":19,"column":14}},"19":{"start":{"line":20,"column":0},"end":{"line":20,"column":2}},"22":{"start":{"line":23,"column":0},"end":{"line":23,"column":26}},"23":{"start":{"line":24,"column":0},"end":{"line":24,"column":1}}},"s":{"0":1,"15":1,"17":14,"18":7,"19":7,"22":7,"23":7},"branchMap":{"0":{"type":"branch","line":16,"loc":{"start":{"line":16,"column":7},"end":{"line":24,"column":1}},"locations":[{"start":{"line":16,"column":7},"end":{"line":24,"column":1}}]},"1":{"type":"branch","line":18,"loc":{"start":{"line":18,"column":32},"end":{"line":24,"column":1}},"locations":[{"start":{"line":18,"column":32},"end":{"line":24,"column":1}}]}},"b":{"0":[14],"1":[7]},"fnMap":{"0":{"name":"getLocalizedPath","decl":{"start":{"line":16,"column":7},"end":{"line":24,"column":1}},"loc":{"start":{"line":16,"column":7},"end":{"line":24,"column":1}},"line":16}},"f":{"0":14}}
,"/home/sandovaldavid/workspaces/me/portfolio-v1/src/shared/lib/i18n/translations.ts": {"path":"/home/sandovaldavid/workspaces/me/portfolio-v1/src/shared/lib/i18n/translations.ts","all":false,"statementMap":{"0":{"start":{"line":1,"column":0},"end":{"line":1,"column":52}},"9":{"start":{"line":10,"column":0},"end":{"line":10,"column":51}},"16":{"start":{"line":17,"column":0},"end":{"line":17,"column":49}},"17":{"start":{"line":18,"column":0},"end":{"line":18,"column":44}},"19":{"start":{"line":20,"column":0},"end":{"line":20,"column":15}},"20":{"start":{"line":21,"column":0},"end":{"line":21,"column":69}},"21":{"start":{"line":22,"column":0},"end":{"line":22,"column":24}},"22":{"start":{"line":23,"column":0},"end":{"line":23,"column":3}},"25":{"start":{"line":26,"column":0},"end":{"line":26,"column":29}},"26":{"start":{"line":27,"column":0},"end":{"line":27,"column":38}},"27":{"start":{"line":28,"column":0},"end":{"line":28,"column":3}},"29":{"start":{"line":30,"column":0},"end":{"line":30,"column":25}},"30":{"start":{"line":31,"column":0},"end":{"line":31,"column":3}},"31":{"start":{"line":32,"column":0},"end":{"line":32,"column":1}},"37":{"start":{"line":38,"column":0},"end":{"line":38,"column":55}},"38":{"start":{"line":39,"column":0},"end":{"line":39,"column":64}},"39":{"start":{"line":40,"column":0},"end":{"line":40,"column":44}},"40":{"start":{"line":41,"column":0},"end":{"line":41,"column":15}},"41":{"start":{"line":42,"column":0},"end":{"line":42,"column":69}},"42":{"start":{"line":43,"column":0},"end":{"line":43,"column":24}},"43":{"start":{"line":44,"column":0},"end":{"line":44,"column":3}},"44":{"start":{"line":45,"column":0},"end":{"line":45,"column":63}},"45":{"start":{"line":46,"column":0},"end":{"line":46,"column":3}},"46":{"start":{"line":47,"column":0},"end":{"line":47,"column":1}}},"s":{"0":1,"9":1,"16":11,"17":10,"19":10,"20":1,"21":1,"22":1,"25":10,"26":1,"27":1,"29":8,"30":10,"31":11,"37":1,"38":4,"39":3,"40":3,"41":1,"42":1,"43":1,"44":3,"45":3,"46":4},"branchMap":{"0":{"type":"branch","line":10,"loc":{"start":{"line":10,"column":7},"end":{"line":32,"column":1}},"locations":[{"start":{"line":10,"column":7},"end":{"line":32,"column":1}}]},"1":{"type":"branch","line":17,"loc":{"start":{"line":17,"column":8},"end":{"line":31,"column":3}},"locations":[{"start":{"line":17,"column":8},"end":{"line":31,"column":3}}]},"2":{"type":"branch","line":20,"loc":{"start":{"line":20,"column":14},"end":{"line":23,"column":3}},"locations":[{"start":{"line":20,"column":14},"end":{"line":23,"column":3}}]},"3":{"type":"branch","line":23,"loc":{"start":{"line":23,"column":2},"end":{"line":26,"column":28}},"locations":[{"start":{"line":23,"column":2},"end":{"line":26,"column":28}}]},"4":{"type":"branch","line":26,"loc":{"start":{"line":26,"column":28},"end":{"line":28,"column":3}},"locations":[{"start":{"line":26,"column":28},"end":{"line":28,"column":3}}]},"5":{"type":"branch","line":27,"loc":{"start":{"line":27,"column":18},"end":{"line":27,"column":38}},"locations":[{"start":{"line":27,"column":18},"end":{"line":27,"column":38}}]},"6":{"type":"branch","line":28,"loc":{"start":{"line":28,"column":2},"end":{"line":30,"column":25}},"locations":[{"start":{"line":28,"column":2},"end":{"line":30,"column":25}}]},"7":{"type":"branch","line":38,"loc":{"start":{"line":38,"column":7},"end":{"line":47,"column":1}},"locations":[{"start":{"line":38,"column":7},"end":{"line":47,"column":1}}]},"8":{"type":"branch","line":39,"loc":{"start":{"line":39,"column":8},"end":{"line":46,"column":3}},"locations":[{"start":{"line":39,"column":8},"end":{"line":46,"column":3}}]},"9":{"type":"branch","line":41,"loc":{"start":{"line":41,"column":14},"end":{"line":44,"column":3}},"locations":[{"start":{"line":41,"column":14},"end":{"line":44,"column":3}}]},"10":{"type":"branch","line":44,"loc":{"start":{"line":44,"column":2},"end":{"line":45,"column":32}},"locations":[{"start":{"line":44,"column":2},"end":{"line":45,"column":32}}]},"11":{"type":"branch","line":45,"loc":{"start":{"line":45,"column":28},"end":{"line":45,"column":46}},"locations":[{"start":{"line":45,"column":28},"end":{"line":45,"column":46}}]},"12":{"type":"branch","line":45,"loc":{"start":{"line":45,"column":41},"end":{"line":45,"column":63}},"locations":[{"start":{"line":45,"column":41},"end":{"line":45,"column":63}}]}},"b":{"0":[11],"1":[10],"2":[1],"3":[9],"4":[1],"5":[0],"6":[8],"7":[4],"8":[3],"9":[1],"10":[2],"11":[1],"12":[1]},"fnMap":{"0":{"name":"useTranslations","decl":{"start":{"line":10,"column":7},"end":{"line":32,"column":1}},"loc":{"start":{"line":10,"column":7},"end":{"line":32,"column":1}},"line":10},"1":{"name":"t","decl":{"start":{"line":17,"column":8},"end":{"line":31,"column":3}},"loc":{"start":{"line":17,"column":8},"end":{"line":31,"column":3}},"line":17},"2":{"name":"useTranslationsList","decl":{"start":{"line":38,"column":7},"end":{"line":47,"column":1}},"loc":{"start":{"line":38,"column":7},"end":{"line":47,"column":1}},"line":38},"3":{"name":"tList","decl":{"start":{"line":39,"column":8},"end":{"line":46,"column":3}},"loc":{"start":{"line":39,"column":8},"end":{"line":46,"column":3}},"line":39}},"f":{"0":11,"1":10,"2":4,"3":3}}
,"/home/sandovaldavid/workspaces/me/portfolio-v1/src/shared/lib/i18n/url-lang.ts": {"path":"/home/sandovaldavid/workspaces/me/portfolio-v1/src/shared/lib/i18n/url-lang.ts","all":false,"statementMap":{"0":{"start":{"line":1,"column":0},"end":{"line":1,"column":86}},"7":{"start":{"line":8,"column":0},"end":{"line":8,"column":52}},"8":{"start":{"line":9,"column":0},"end":{"line":9,"column":42}},"9":{"start":{"line":10,"column":0},"end":{"line":10,"column":77}},"10":{"start":{"line":11,"column":0},"end":{"line":11,"column":25}},"11":{"start":{"line":12,"column":0},"end":{"line":12,"column":1}}},"s":{"0":1,"7":1,"8":14,"9":14,"10":5,"11":5},"branchMap":{"0":{"type":"branch","line":8,"loc":{"start":{"line":8,"column":7},"end":{"line":12,"column":1}},"locations":[{"start":{"line":8,"column":7},"end":{"line":12,"column":1}}]},"1":{"type":"branch","line":10,"loc":{"start":{"line":10,"column":53},"end":{"line":10,"column":77}},"locations":[{"start":{"line":10,"column":53},"end":{"line":10,"column":77}}]},"2":{"type":"branch","line":10,"loc":{"start":{"line":10,"column":60},"end":{"line":12,"column":1}},"locations":[{"start":{"line":10,"column":60},"end":{"line":12,"column":1}}]}},"b":{"0":[14],"1":[9],"2":[5]},"fnMap":{"0":{"name":"getLangFromUrl","decl":{"start":{"line":8,"column":7},"end":{"line":12,"column":1}},"loc":{"start":{"line":8,"column":7},"end":{"line":12,"column":1}},"line":8}},"f":{"0":14}}
}
