TN:
SF:src/shared/config/i18n/index.ts
FNF:0
FNH:0
DA:1,1
DA:2,1
LF:2
LH:2
BRF:0
BRH:0
end_of_record
TN:
SF:src/shared/config/i18n/languages.ts
FNF:0
FNH:0
DA:5,1
DA:6,1
DA:7,1
DA:13,1
DA:14,1
DA:15,1
DA:16,1
DA:21,1
DA:22,1
DA:23,1
DA:24,1
DA:29,1
DA:34,1
LF:13
LH:13
BRDA:5,0,0,5
BRF:1
BRH:1
end_of_record
TN:
SF:src/shared/config/i18n/dictionaries/index.ts
FN:5,flattenJSON
FNF:1
FNH:1
FNDA:370,flattenJSON
DA:1,1
DA:5,370
DA:6,370
DA:7,370
DA:8,1920
DA:9,1920
DA:10,100
DA:11,1920
DA:12,360
DA:13,1820
DA:14,1460
DA:15,1460
DA:16,1920
DA:17,1920
DA:18,370
DA:19,370
DA:20,370
DA:22,1
DA:23,1
DA:24,1
DA:25,1
LF:21
LH:21
BRDA:5,0,0,370
BRDA:7,1,0,1920
BRDA:8,2,0,1780
BRDA:8,3,0,140
BRDA:9,4,0,100
BRDA:11,5,0,1820
BRDA:11,6,0,360
BRDA:11,7,0,360
BRDA:13,8,0,1460
BRF:9
BRH:9
end_of_record
TN:
SF:src/shared/lib/i18n/index.ts
FNF:0
FNH:0
DA:1,1
DA:2,1
DA:3,1
DA:4,1
LF:4
LH:4
BRF:0
BRH:0
end_of_record
TN:
SF:src/shared/lib/i18n/interpolation.ts
FN:11,interpolate
FNF:1
FNH:1
FNDA:10,interpolate
DA:11,1
DA:12,10
DA:13,10
DA:14,10
DA:15,10
DA:16,10
LF:6
LH:6
BRDA:11,0,0,10
BRDA:13,1,0,10
BRF:2
BRH:2
end_of_record
TN:
SF:src/shared/lib/i18n/localized-path.ts
FN:16,getLocalizedPath
FNF:1
FNH:1
FNDA:14,getLocalizedPath
DA:1,1
DA:16,1
DA:18,14
DA:19,7
DA:20,7
DA:23,7
DA:24,7
LF:7
LH:7
BRDA:16,0,0,14
BRDA:18,1,0,7
BRF:2
BRH:2
end_of_record
TN:
SF:src/shared/lib/i18n/translations.ts
FN:10,useTranslations
FN:17,t
FN:38,useTranslationsList
FN:39,tList
FNF:4
FNH:4
FNDA:11,useTranslations
FNDA:10,t
FNDA:4,useTranslationsList
FNDA:3,tList
DA:1,1
DA:10,1
DA:17,11
DA:18,10
DA:20,10
DA:21,1
DA:22,1
DA:23,1
DA:26,10
DA:27,1
DA:28,1
DA:30,8
DA:31,10
DA:32,11
DA:38,1
DA:39,4
DA:40,3
DA:41,3
DA:42,1
DA:43,1
DA:44,1
DA:45,3
DA:46,3
DA:47,4
LF:24
LH:24
BRDA:10,0,0,11
BRDA:17,1,0,10
BRDA:20,2,0,1
BRDA:23,3,0,9
BRDA:26,4,0,1
BRDA:27,5,0,0
BRDA:28,6,0,8
BRDA:38,7,0,4
BRDA:39,8,0,3
BRDA:41,9,0,1
BRDA:44,10,0,2
BRDA:45,11,0,1
BRDA:45,12,0,1
BRF:13
BRH:12
end_of_record
TN:
SF:src/shared/lib/i18n/url-lang.ts
FN:8,getLangFromUrl
FNF:1
FNH:1
FNDA:14,getLangFromUrl
DA:1,1
DA:8,1
DA:9,14
DA:10,14
DA:11,5
DA:12,5
LF:6
LH:6
BRDA:8,0,0,14
BRDA:10,1,0,9
BRDA:10,2,0,5
BRF:3
BRH:3
end_of_record
